Command line:
   gates_tb_isim_beh.exe
     -simmode  gui
     -simrunnum  0
     -socket  54316

Fri Aug 07 16:31:12 2020


 Elaboration Time: 0.078125 sec

 Current Memory Usage: 4682.06 Meg

 Total Signals          : 6
 Total Nets             : 3
 Total Signal Drivers   : 3
 Total Blocks           : 3
 Total Primitive Blocks : 2
 Total Processes        : 2
 Total Traceable Variables  : 8
 Total Scalar Nets and Variables : 363
Total Line Count : 14

 Total Simulation Time: 0.21875 sec

 Current Memory Usage: 4996.64 Meg

Fri Aug 07 16:44:00 2020

